15:01:54: Creating resource group General
15:01:54: Creating resource group Internal
15:01:54: Creating resource group Autodetect
15:01:54: Registering ResourceManager for type Mesh
15:01:54: Registering ResourceManager for type Material
15:01:54: Registering ResourceManager for type Skeleton
15:01:54: XMLMeshSerializer reading mesh data from sphere/sphere.mesh.xml...
15:01:54: Reading geometry...
15:01:54: Geometry done...
15:01:54: Reading submeshes...
15:01:54: Submeshes done.
15:01:54: Reading mesh names...
15:01:54: Mesh names done.
15:01:54: XMLMeshSerializer import successful.
15:01:54: Reorganising vertex buffers to automatic layout..
15:01:54: MeshSerializer writing mesh data to stream ...
15:01:54: File header written.
15:01:54: Writing mesh data...
15:01:54: Writing submesh...
15:01:54: Exporting submesh texture aliases...
15:01:54: Submesh texture aliases exported.
15:01:54: Submesh exported.
15:01:54: Exporting bounds information....
15:01:54: Bounds information exported.
15:01:54: Exporting submesh name table...
15:01:54: Submesh name table exported.
15:01:54: Exporting edge lists...
15:01:54: Edge lists exported
15:01:54: Mesh data exported.
15:01:54: MeshSerializer export successful.
15:01:54: Unregistering ResourceManager for type Skeleton
15:01:54: Unregistering ResourceManager for type Material
15:01:54: Unregistering ResourceManager for type Mesh
